Running: /opt/Xilinx/14.7/ISE_DS/ISE/bin/lin64/unwrapped/fuse -intstyle ise -incremental -lib unisims_ver -lib unimacro_ver -lib xilinxcorelib_ver -lib secureip -o /home/sandeep/git_workspace/Verilog-VHDL/Demux_1x8/test_isim_beh.exe -prj /home/sandeep/git_workspace/Verilog-VHDL/Demux_1x8/test_beh.prj work.test work.glbl 
ISim P.20131013 (signature 0xfbc00daa)
Number of CPUs detected in this system: 16
Turning on mult-threading, number of parallel sub-compilation jobs: 32 
Determining compilation order of HDL files
Analyzing Verilog file "/home/sandeep/git_workspace/Verilog-VHDL/Demux_1x8/demux_8x1_instantiation.v" into library work
Analyzing Verilog file "/home/sandeep/git_workspace/Verilog-VHDL/Demux_1x8/test.v" into library work
Analyzing Verilog file "/opt/Xilinx/14.7/ISE_DS/ISE//verilog/src/glbl.v" into library work
Starting static elaboration
Completed static elaboration
Fuse Memory Usage: 82700 KB
Fuse CPU Usage: 390 ms
Compiling module demux_1x2
Compiling module demux_8x1_instantiation
Compiling module test
Compiling module glbl
Time Resolution for simulation is 1ps.
Compiled 4 Verilog Units
Built simulation executable /home/sandeep/git_workspace/Verilog-VHDL/Demux_1x8/test_isim_beh.exe
Fuse Memory Usage: 2215736 KB
Fuse CPU Usage: 400 ms
GCC CPU Usage: 200 ms
