Running: /opt/Xilinx/14.7/ISE_DS/ISE/bin/lin64/unwrapped/fuse -intstyle ise -incremental -lib unisims_ver -lib unimacro_ver -lib xilinxcorelib_ver -lib secureip -o /home/sandeep/git_workspace/Verilog-VHDL/Mux_8x1_Using_2x1/test_isim_beh.exe -prj /home/sandeep/git_workspace/Verilog-VHDL/Mux_8x1_Using_2x1/test_beh.prj work.test work.glbl 
ISim P.20131013 (signature 0xfbc00daa)
Number of CPUs detected in this system: 16
Turning on mult-threading, number of parallel sub-compilation jobs: 32 
Determining compilation order of HDL files
Analyzing Verilog file "/home/sandeep/git_workspace/Verilog-VHDL/Mux_8x1_Using_2x1/mux_8x1.v" into library work
Analyzing Verilog file "/home/sandeep/git_workspace/Verilog-VHDL/Mux_8x1_Using_2x1/test.v" into library work
Analyzing Verilog file "/opt/Xilinx/14.7/ISE_DS/ISE//verilog/src/glbl.v" into library work
Starting static elaboration
Completed static elaboration
Fuse Memory Usage: 82704 KB
Fuse CPU Usage: 520 ms
Compiling module mux_2_1
Compiling module mux_8x1
Compiling module test
Compiling module glbl
Time Resolution for simulation is 1ps.
Waiting for 1 sub-compilation(s) to finish...
Compiled 4 Verilog Units
Built simulation executable /home/sandeep/git_workspace/Verilog-VHDL/Mux_8x1_Using_2x1/test_isim_beh.exe
Fuse Memory Usage: 2215768 KB
Fuse CPU Usage: 530 ms
GCC CPU Usage: 290 ms
